2022-09-26 18:23:46,835 INFO org.springframework.boot.StartupInfoLogger [main] Starting PizzaConnectionSpringBootHtmlApplication using Java 18.0.2.1 on DESKTOP-VQGH9P1 with PID 17736 (C:\All_Doc\Passerelle\PizzaConnection_SpringBoot_HTML\target\classes started by YAVUZ in C:\All_Doc\Passerelle\PizzaConnection_SpringBoot_HTML)
2022-09-26 18:23:46,839 INFO org.springframework.boot.SpringApplication [main] No active profile set, falling back to 1 default profile: "default"
2022-09-26 18:23:47,797 INFO org.springframework.boot.web.embedded.tomcat.TomcatWebServer [main] Tomcat initialized with port(s): 8080 (http)
2022-09-26 18:23:47,817 INFO org.apache.juli.logging.DirectJDKLog [main] Initializing ProtocolHandler ["http-nio-8080"]
2022-09-26 18:23:47,818 INFO org.apache.juli.logging.DirectJDKLog [main] Starting service [Tomcat]
2022-09-26 18:23:47,818 INFO org.apache.juli.logging.DirectJDKLog [main] Starting Servlet engine: [Apache Tomcat/9.0.65]
2022-09-26 18:23:47,919 INFO org.apache.juli.logging.DirectJDKLog [main] Initializing Spring embedded WebApplicationContext
2022-09-26 18:23:47,920 INFO org.springframework.boot.web.servlet.context.ServletWebServerApplicationContext [main] Root WebApplicationContext: initialization completed in 1018 ms
2022-09-26 18:23:48,144 INFO org.springframework.boot.autoconfigure.web.servlet.WelcomePageHandlerMapping [main] Adding welcome page: class path resource [static/index.html]
2022-09-26 18:23:48,449 INFO org.apache.juli.logging.DirectJDKLog [main] Starting ProtocolHandler ["http-nio-8080"]
2022-09-26 18:23:48,453 WARN org.springframework.context.support.AbstractApplicationContext [main] Exception encountered during context initialization - cancelling refresh attempt: org.springframework.context.ApplicationContextException: Failed to start bean 'webServerStartStop'; nested exception is org.springframework.boot.web.server.PortInUseException: Port 8080 is already in use
2022-09-26 18:23:48,456 INFO org.apache.juli.logging.DirectJDKLog [main] Pausing ProtocolHandler ["http-nio-8080"]
2022-09-26 18:23:48,456 INFO org.apache.juli.logging.DirectJDKLog [main] Stopping service [Tomcat]
2022-09-26 18:23:48,462 INFO org.apache.juli.logging.DirectJDKLog [main] Stopping ProtocolHandler ["http-nio-8080"]
2022-09-26 18:23:48,463 INFO org.apache.juli.logging.DirectJDKLog [main] Destroying ProtocolHandler ["http-nio-8080"]
2022-09-26 18:23:48,470 INFO org.springframework.boot.autoconfigure.logging.ConditionEvaluationReportLoggingListener [main] 

Error starting ApplicationContext. To display the conditions report re-run your application with 'debug' enabled.
2022-09-26 18:23:48,486 ERROR org.springframework.boot.diagnostics.LoggingFailureAnalysisReporter [main] 

***************************
APPLICATION FAILED TO START
***************************

Description:

Web server failed to start. Port 8080 was already in use.

Action:

Identify and stop the process that's listening on port 8080 or configure this application to listen on another port.

2022-09-26 18:24:13,740 INFO org.springframework.boot.StartupInfoLogger [main] Starting PizzaConnectionSpringBootHtmlApplication using Java 18.0.2.1 on DESKTOP-VQGH9P1 with PID 12020 (C:\All_Doc\Passerelle\PizzaConnection_SpringBoot_HTML\target\classes started by YAVUZ in C:\All_Doc\Passerelle\PizzaConnection_SpringBoot_HTML)
2022-09-26 18:24:13,743 INFO org.springframework.boot.SpringApplication [main] No active profile set, falling back to 1 default profile: "default"
2022-09-26 18:24:14,549 INFO org.springframework.boot.web.embedded.tomcat.TomcatWebServer [main] Tomcat initialized with port(s): 8080 (http)
2022-09-26 18:24:14,558 INFO org.apache.juli.logging.DirectJDKLog [main] Initializing ProtocolHandler ["http-nio-8080"]
2022-09-26 18:24:14,558 INFO org.apache.juli.logging.DirectJDKLog [main] Starting service [Tomcat]
2022-09-26 18:24:14,558 INFO org.apache.juli.logging.DirectJDKLog [main] Starting Servlet engine: [Apache Tomcat/9.0.65]
2022-09-26 18:24:14,657 INFO org.apache.juli.logging.DirectJDKLog [main] Initializing Spring embedded WebApplicationContext
2022-09-26 18:24:14,657 INFO org.springframework.boot.web.servlet.context.ServletWebServerApplicationContext [main] Root WebApplicationContext: initialization completed in 867 ms
2022-09-26 18:24:14,860 INFO org.springframework.boot.autoconfigure.web.servlet.WelcomePageHandlerMapping [main] Adding welcome page: class path resource [static/index.html]
2022-09-26 18:24:15,158 INFO org.apache.juli.logging.DirectJDKLog [main] Starting ProtocolHandler ["http-nio-8080"]
2022-09-26 18:24:15,178 INFO org.springframework.boot.web.embedded.tomcat.TomcatWebServer [main] Tomcat started on port(s): 8080 (http) with context path ''
2022-09-26 18:24:15,188 INFO org.springframework.boot.StartupInfoLogger [main] Started PizzaConnectionSpringBootHtmlApplication in 1.967 seconds (JVM running for 3.022)
2022-09-26 18:24:28,649 INFO org.apache.juli.logging.DirectJDKLog [http-nio-8080-exec-1] Initializing Spring DispatcherServlet 'dispatcherServlet'
2022-09-26 18:24:28,649 INFO org.springframework.web.servlet.FrameworkServlet [http-nio-8080-exec-1] Initializing Servlet 'dispatcherServlet'
2022-09-26 18:24:28,650 INFO org.springframework.web.servlet.FrameworkServlet [http-nio-8080-exec-1] Completed initialization in 1 ms
2022-09-26 18:24:28,673 INFO ch.bfh.ti.pizzaconnection_springboot_html.controller.IndexController [http-nio-8080-exec-1] IndexController::index()
2022-09-26 18:24:31,965 INFO ch.bfh.ti.pizzaconnection_springboot_html.controller.IndexController [http-nio-8080-exec-2] IndexController::index()
2022-09-26 18:25:29,708 INFO org.springframework.boot.StartupInfoLogger [main] Starting PizzaConnectionSpringBootHtmlApplication using Java 18.0.2.1 on DESKTOP-VQGH9P1 with PID 20716 (C:\All_Doc\Passerelle\PizzaConnection_SpringBoot_HTML\target\classes started by YAVUZ in C:\All_Doc\Passerelle\PizzaConnection_SpringBoot_HTML)
2022-09-26 18:25:29,712 INFO org.springframework.boot.SpringApplication [main] No active profile set, falling back to 1 default profile: "default"
2022-09-26 18:25:30,484 INFO org.springframework.boot.web.embedded.tomcat.TomcatWebServer [main] Tomcat initialized with port(s): 8081 (http)
2022-09-26 18:25:30,492 INFO org.apache.juli.logging.DirectJDKLog [main] Initializing ProtocolHandler ["http-nio-8081"]
2022-09-26 18:25:30,492 INFO org.apache.juli.logging.DirectJDKLog [main] Starting service [Tomcat]
2022-09-26 18:25:30,493 INFO org.apache.juli.logging.DirectJDKLog [main] Starting Servlet engine: [Apache Tomcat/9.0.65]
2022-09-26 18:25:30,571 INFO org.apache.juli.logging.DirectJDKLog [main] Initializing Spring embedded WebApplicationContext
2022-09-26 18:25:30,571 INFO org.springframework.boot.web.servlet.context.ServletWebServerApplicationContext [main] Root WebApplicationContext: initialization completed in 806 ms
2022-09-26 18:25:30,791 INFO org.springframework.boot.autoconfigure.web.servlet.WelcomePageHandlerMapping [main] Adding welcome page: class path resource [static/index.html]
2022-09-26 18:25:31,116 INFO org.apache.juli.logging.DirectJDKLog [main] Starting ProtocolHandler ["http-nio-8081"]
2022-09-26 18:25:31,141 INFO org.springframework.boot.web.embedded.tomcat.TomcatWebServer [main] Tomcat started on port(s): 8081 (http) with context path ''
2022-09-26 18:25:31,151 INFO org.springframework.boot.StartupInfoLogger [main] Started PizzaConnectionSpringBootHtmlApplication in 1.969 seconds (JVM running for 3.226)
2022-09-26 18:25:47,063 INFO org.apache.juli.logging.DirectJDKLog [http-nio-8081-exec-1] Initializing Spring DispatcherServlet 'dispatcherServlet'
2022-09-26 18:25:47,064 INFO org.springframework.web.servlet.FrameworkServlet [http-nio-8081-exec-1] Initializing Servlet 'dispatcherServlet'
2022-09-26 18:25:47,066 INFO org.springframework.web.servlet.FrameworkServlet [http-nio-8081-exec-1] Completed initialization in 2 ms
2022-09-26 18:25:47,089 INFO ch.bfh.ti.pizzaconnection_springboot_html.controller.IndexController [http-nio-8081-exec-1] IndexController::index()
2022-09-26 18:25:53,414 INFO ch.bfh.ti.pizzaconnection_springboot_html.controller.PizzaController [http-nio-8081-exec-8] PizzaController::pizza()
2022-09-26 18:25:54,939 INFO ch.bfh.ti.pizzaconnection_springboot_html.controller.BeverageController [http-nio-8081-exec-7] BeverageController::beverage()
2022-09-26 18:25:55,894 INFO ch.bfh.ti.pizzaconnection_springboot_html.controller.AboutController [http-nio-8081-exec-1] AboutController::about()
2022-09-26 18:26:01,337 INFO ch.bfh.ti.pizzaconnection_springboot_html.controller.IndexController [http-nio-8081-exec-4] IndexController::index()
2022-09-26 23:48:01,589 INFO org.springframework.boot.StartupInfoLogger [main] Starting PizzaConnectionSpringBootHtmlApplication using Java 18.0.2.1 on DESKTOP-VQGH9P1 with PID 9448 (C:\All_Doc\Passerelle\PizzaConnection_SpringBoot_HTML\target\classes started by YAVUZ in C:\All_Doc\Passerelle\PizzaConnection_SpringBoot_HTML)
2022-09-26 23:48:01,594 INFO org.springframework.boot.SpringApplication [main] No active profile set, falling back to 1 default profile: "default"
2022-09-26 23:48:02,736 INFO org.springframework.boot.web.embedded.tomcat.TomcatWebServer [main] Tomcat initialized with port(s): 8081 (http)
2022-09-26 23:48:02,750 INFO org.apache.juli.logging.DirectJDKLog [main] Initializing ProtocolHandler ["http-nio-8081"]
2022-09-26 23:48:02,751 INFO org.apache.juli.logging.DirectJDKLog [main] Starting service [Tomcat]
2022-09-26 23:48:02,751 INFO org.apache.juli.logging.DirectJDKLog [main] Starting Servlet engine: [Apache Tomcat/9.0.65]
2022-09-26 23:48:02,884 INFO org.apache.juli.logging.DirectJDKLog [main] Initializing Spring embedded WebApplicationContext
2022-09-26 23:48:02,884 INFO org.springframework.boot.web.servlet.context.ServletWebServerApplicationContext [main] Root WebApplicationContext: initialization completed in 1234 ms
2022-09-26 23:48:03,103 INFO org.springframework.boot.autoconfigure.web.servlet.WelcomePageHandlerMapping [main] Adding welcome page: class path resource [static/index.html]
2022-09-26 23:48:03,418 INFO org.apache.juli.logging.DirectJDKLog [main] Starting ProtocolHandler ["http-nio-8081"]
2022-09-26 23:48:03,438 INFO org.springframework.boot.web.embedded.tomcat.TomcatWebServer [main] Tomcat started on port(s): 8081 (http) with context path ''
2022-09-26 23:48:03,449 INFO org.springframework.boot.StartupInfoLogger [main] Started PizzaConnectionSpringBootHtmlApplication in 2.945 seconds (JVM running for 4.723)
2022-09-26 23:48:09,162 INFO org.apache.juli.logging.DirectJDKLog [http-nio-8081-exec-1] Initializing Spring DispatcherServlet 'dispatcherServlet'
2022-09-26 23:48:09,163 INFO org.springframework.web.servlet.FrameworkServlet [http-nio-8081-exec-1] Initializing Servlet 'dispatcherServlet'
2022-09-26 23:48:09,164 INFO org.springframework.web.servlet.FrameworkServlet [http-nio-8081-exec-1] Completed initialization in 1 ms
2022-09-26 23:48:09,184 INFO ch.bfh.ti.pizzaconnection_springboot_html.controller.IndexController [http-nio-8081-exec-1] IndexController::index()
2022-09-26 23:48:12,249 INFO ch.bfh.ti.pizzaconnection_springboot_html.controller.PizzaController [http-nio-8081-exec-4] PizzaController::pizza()
2022-09-26 23:48:21,076 INFO ch.bfh.ti.pizzaconnection_springboot_html.controller.BeverageController [http-nio-8081-exec-7] BeverageController::beverage()
2022-09-26 23:48:28,088 INFO ch.bfh.ti.pizzaconnection_springboot_html.controller.AboutController [http-nio-8081-exec-8] AboutController::about()
